<?xml version="1.0" encoding="UTF-8"?>
<testng-results skipped="0" failed="0" total="1" passed="1">
  <reporter-output>
  </reporter-output>
  <suite name="Default suite" duration-ms="59807" started-at="2017-01-27T04:25:12Z" finished-at="2017-01-27T04:26:12Z">
    <groups>
    </groups>
    <test name="Default test" duration-ms="59807" started-at="2017-01-27T04:25:12Z" finished-at="2017-01-27T04:26:12Z">
      <class name="Package1.Class1">
        <test-method status="PASS" signature="login()[pri:0, instance:Package1.Class1@29774679]" name="login" duration-ms="59699" started-at="2017-01-27T09:55:12Z" finished-at="2017-01-27T09:56:12Z">
          <reporter-output>
          </reporter-output>
        </test-method> <!-- login -->
      </class> <!-- Package1.Class1 -->
    </test> <!-- Default test -->
  </suite> <!-- Default suite -->
</testng-results>
