<?xml version="1.0" encoding="UTF-8"?>
<!-- Generated by org.testng.reporters.JUnitXMLReporter -->
<testsuite hostname="AdarshPunjala" name="ParallelTest" tests="3" failures="0" timestamp="2 Dec 2016 18:44:56 GMT" time="0.413" errors="0">
  <testcase name="testCase1" time="0.014" classname="fabricate.PaallelExecution"/>
  <testcase name="testCase2" time="0.014" classname="fabricate.PaallelExecution"/>
  <testcase name="testCase3" time="0.015" classname="fabricate.PaallelExecution"/>
</testsuite> <!-- ParallelTest -->
