<?xml version="1.0" encoding="UTF-8"?>
<testng-results skipped="0" failed="0" total="1" passed="1">
  <reporter-output>
  </reporter-output>
  <suite name="Default suite" duration-ms="34" started-at="2016-11-30T23:04:32Z" finished-at="2016-11-30T23:04:32Z">
    <groups>
    </groups>
    <test name="Default test" duration-ms="34" started-at="2016-11-30T23:04:32Z" finished-at="2016-11-30T23:04:32Z">
      <class name="testNG.NewTest">
        <test-method status="PASS" signature="f()[pri:0, instance:testNG.NewTest@1efbd816]" name="f" duration-ms="11" started-at="2016-12-01T04:34:32Z" finished-at="2016-12-01T04:34:32Z">
          <reporter-output>
          </reporter-output>
        </test-method> <!-- f -->
      </class> <!-- testNG.NewTest -->
    </test> <!-- Default test -->
  </suite> <!-- Default suite -->
</testng-results>
