<?xml version="1.0" encoding="UTF-8"?>
<!-- Generated by org.testng.reporters.JUnitXMLReporter -->
<testsuite hostname="AdarshPunjala" name="SanityTests" tests="6" failures="0" timestamp="2 Dec 2016 14:55:50 GMT" time="0.069" errors="0">
  <testcase name="AddCurrency" time="0.006" classname="fabricate.Fb1"/>
  <testcase name="AddProduct" time="0.001" classname="fabricate.Fb1"/>
  <testcase name="addVendor" time="0.006" classname="fabricate.Fb1"/>
  <testcase name="deleteCurrency" time="0.002" classname="fabricate.Fb2"/>
  <testcase name="deleteProduct" time="0.002" classname="fabricate.Fb2"/>
  <testcase name="deleteVendor" time="0.002" classname="fabricate.Fb2"/>
</testsuite> <!-- SanityTests -->
