<?xml version="1.0" encoding="UTF-8"?>
<!-- Generated by org.testng.reporters.JUnitXMLReporter -->
<testsuite hostname="AdarshPunjala" name="Double3" tests="4" failures="0" timestamp="2 Dec 2016 17:26:13 GMT" time="0.072" errors="0">
  <testcase name="gmail" time="0.011" classname="fabricate.Double3"/>
  <testcase name="google" time="0.002" classname="fabricate.Double3"/>
  <testcase name="executions" time="0.001" classname="fabricate.Double1"/>
  <testcase name="hello" time="0.002" classname="fabricate.Double1"/>
</testsuite> <!-- Double3 -->
