<?xml version="1.0" encoding="UTF-8"?>
<!-- Generated by org.testng.reporters.JUnitXMLReporter -->
<testsuite hostname="AdarshPunjala" name="DoubleTest5" tests="4" failures="0" timestamp="2 Dec 2016 17:28:18 GMT" time="0.054" errors="0">
  <testcase name="msn" time="0.011" classname="fabricate.Double5"/>
  <testcase name="yahoo" time="0.002" classname="fabricate.Double5"/>
  <testcase name="gmail" time="0.001" classname="fabricate.Double3"/>
  <testcase name="google" time="0.001" classname="fabricate.Double3"/>
</testsuite> <!-- DoubleTest5 -->
